build/app/intermediates/manifest_merge_blame_file/release/manifest-merger-blame-release-report.txt
1<?xml version="1.0" encoding="utf-8"?>
2<manifest xmlns:android="http://schemas.android.com/apk/res/android"
3    package="com.intaro.crypto.currency.caivideo"
4    android:versionCode="1"
5    android:versionName="1.0.0" >
6
7    <uses-sdk
8        android:minSdkVersion="16"
8-->src/main/AndroidManifest.xml
9        android:targetSdkVersion="27" />
9-->src/main/AndroidManifest.xml
10
11    <uses-permission android:name="android.permission.INTERNET" />
11-->src/main/AndroidManifest.xml:3:5-66
11-->src/main/AndroidManifest.xml:3:22-64
12    <uses-permission android:name="android.permission.ACCESS_NETWORK_STATE" />
12-->[com.google.android.exoplayer:exoplayer-core:2.14.2] AndroidManifest.xml:24:5-79
12-->[com.google.android.exoplayer:exoplayer-core:2.14.2] AndroidManifest.xml:24:22-76
13    <uses-permission android:name="android.permission.WAKE_LOCK" />
13-->[androidx.work:work-runtime:2.5.0] AndroidManifest.xml:25:5-68
13-->[androidx.work:work-runtime:2.5.0] AndroidManifest.xml:25:22-65
14    <uses-permission android:name="android.permission.RECEIVE_BOOT_COMPLETED" />
14-->[androidx.work:work-runtime:2.5.0] AndroidManifest.xml:27:5-81
14-->[androidx.work:work-runtime:2.5.0] AndroidManifest.xml:27:22-78
15    <uses-permission android:name="android.permission.FOREGROUND_SERVICE" />
15-->[androidx.work:work-runtime:2.5.0] AndroidManifest.xml:28:5-77
15-->[androidx.work:work-runtime:2.5.0] AndroidManifest.xml:28:22-74
16
17    <application
17-->src/main/AndroidManifest.xml:4:4-41:19
18        android:appComponentFactory="androidx.core.app.CoreComponentFactory"
18-->[androidx.core:core:1.3.0] AndroidManifest.xml:24:18-86
19        android:icon="@mipmap/icon_caividio"
19-->src/main/AndroidManifest.xml:6:9-45
20        android:label="caivideo" >
20-->src/main/AndroidManifest.xml:5:9-33
21        <activity
21-->src/main/AndroidManifest.xml:7:9-35:20
22            android:name="com.example.caivideo.MainActivity"
22-->src/main/AndroidManifest.xml:8:13-41
23            android:configChanges="orientation|keyboardHidden|keyboard|screenSize|smallestScreenSize|locale|layoutDirection|fontScale|screenLayout|density|uiMode"
23-->src/main/AndroidManifest.xml:11:13-163
24            android:hardwareAccelerated="true"
24-->src/main/AndroidManifest.xml:12:13-47
25            android:launchMode="singleTop"
25-->src/main/AndroidManifest.xml:9:13-43
26            android:theme="@style/LaunchTheme"
26-->src/main/AndroidManifest.xml:10:13-47
27            android:windowSoftInputMode="adjustResize" >
27-->src/main/AndroidManifest.xml:13:13-55
28
29            <!--
30                 Specifies an Android theme to apply to this Activity as soon as
31                 the Android process has started. This theme is visible to the user
32                 while the Flutter UI initializes. After that, this theme continues
33                 to determine the Window background behind the Flutter UI.
34            -->
35            <meta-data
35-->src/main/AndroidManifest.xml:18:13-21:17
36                android:name="io.flutter.embedding.android.NormalTheme"
36-->src/main/AndroidManifest.xml:19:15-70
37                android:resource="@style/NormalTheme" />
37-->src/main/AndroidManifest.xml:20:15-52
38            <!--
39                 Displays an Android View that continues showing the launch screen
40                 Drawable until Flutter paints its first frame, then this splash
41                 screen fades out. A splash screen is useful to avoid any visual
42                 gap between the end of Android's launch screen and the painting of
43                 Flutter's first frame.
44            -->
45            <meta-data
45-->src/main/AndroidManifest.xml:27:13-30:17
46                android:name="io.flutter.embedding.android.SplashScreenDrawable"
46-->src/main/AndroidManifest.xml:28:15-79
47                android:resource="@drawable/launch_background" />
47-->src/main/AndroidManifest.xml:29:15-61
48
49            <intent-filter>
49-->src/main/AndroidManifest.xml:31:13-34:29
50                <action android:name="android.intent.action.MAIN" />
50-->src/main/AndroidManifest.xml:32:17-68
50-->src/main/AndroidManifest.xml:32:25-66
51
52                <category android:name="android.intent.category.LAUNCHER" />
52-->src/main/AndroidManifest.xml:33:17-76
52-->src/main/AndroidManifest.xml:33:27-74
53            </intent-filter>
54        </activity>
55        <!--
56             Don't delete the meta-data below.
57             This is used by the Flutter tool to generate GeneratedPluginRegistrant.java
58        -->
59        <meta-data
59-->src/main/AndroidManifest.xml:38:9-40:33
60            android:name="flutterEmbedding"
60-->src/main/AndroidManifest.xml:39:13-44
61            android:value="2" />
61-->src/main/AndroidManifest.xml:40:13-30
62
63        <provider
63-->[:image_picker] AndroidManifest.xml:8:9-16:20
64            android:name="io.flutter.plugins.imagepicker.ImagePickerFileProvider"
64-->[:image_picker] AndroidManifest.xml:9:13-82
65            android:authorities="com.intaro.crypto.currency.caivideo.flutter.image_provider"
65-->[:image_picker] AndroidManifest.xml:10:13-74
66            android:exported="false"
66-->[:image_picker] AndroidManifest.xml:11:13-37
67            android:grantUriPermissions="true" >
67-->[:image_picker] AndroidManifest.xml:12:13-47
68            <meta-data
68-->[:image_picker] AndroidManifest.xml:13:13-15:75
69                android:name="android.support.FILE_PROVIDER_PATHS"
69-->[:image_picker] AndroidManifest.xml:14:17-67
70                android:resource="@xml/flutter_image_picker_file_paths" />
70-->[:image_picker] AndroidManifest.xml:15:17-72
71        </provider>
72        <provider
72-->[androidx.work:work-runtime:2.5.0] AndroidManifest.xml:31:9-37:35
73            android:name="androidx.work.impl.WorkManagerInitializer"
73-->[androidx.work:work-runtime:2.5.0] AndroidManifest.xml:32:13-69
74            android:authorities="com.intaro.crypto.currency.caivideo.workmanager-init"
74-->[androidx.work:work-runtime:2.5.0] AndroidManifest.xml:33:13-68
75            android:directBootAware="false"
75-->[androidx.work:work-runtime:2.5.0] AndroidManifest.xml:34:13-44
76            android:exported="false"
76-->[androidx.work:work-runtime:2.5.0] AndroidManifest.xml:35:13-37
77            android:multiprocess="true" />
77-->[androidx.work:work-runtime:2.5.0] AndroidManifest.xml:36:13-40
78
79        <service
79-->[androidx.work:work-runtime:2.5.0] AndroidManifest.xml:39:9-44:35
80            android:name="androidx.work.impl.background.systemalarm.SystemAlarmService"
80-->[androidx.work:work-runtime:2.5.0] AndroidManifest.xml:40:13-88
81            android:directBootAware="false"
81-->[androidx.work:work-runtime:2.5.0] AndroidManifest.xml:41:13-44
82            android:enabled="@bool/enable_system_alarm_service_default"
82-->[androidx.work:work-runtime:2.5.0] AndroidManifest.xml:42:13-72
83            android:exported="false" />
83-->[androidx.work:work-runtime:2.5.0] AndroidManifest.xml:43:13-37
84        <service
84-->[androidx.work:work-runtime:2.5.0] AndroidManifest.xml:45:9-51:35
85            android:name="androidx.work.impl.background.systemjob.SystemJobService"
85-->[androidx.work:work-runtime:2.5.0] AndroidManifest.xml:46:13-84
86            android:directBootAware="false"
86-->[androidx.work:work-runtime:2.5.0] AndroidManifest.xml:47:13-44
87            android:enabled="@bool/enable_system_job_service_default"
87-->[androidx.work:work-runtime:2.5.0] AndroidManifest.xml:48:13-70
88            android:exported="true"
88-->[androidx.work:work-runtime:2.5.0] AndroidManifest.xml:49:13-36
89            android:permission="android.permission.BIND_JOB_SERVICE" />
89-->[androidx.work:work-runtime:2.5.0] AndroidManifest.xml:50:13-69
90        <service
90-->[androidx.work:work-runtime:2.5.0] AndroidManifest.xml:52:9-57:35
91            android:name="androidx.work.impl.foreground.SystemForegroundService"
91-->[androidx.work:work-runtime:2.5.0] AndroidManifest.xml:53:13-81
92            android:directBootAware="false"
92-->[androidx.work:work-runtime:2.5.0] AndroidManifest.xml:54:13-44
93            android:enabled="@bool/enable_system_foreground_service_default"
93-->[androidx.work:work-runtime:2.5.0] AndroidManifest.xml:55:13-77
94            android:exported="false" />
94-->[androidx.work:work-runtime:2.5.0] AndroidManifest.xml:56:13-37
95
96        <receiver
96-->[androidx.work:work-runtime:2.5.0] AndroidManifest.xml:59:9-64:35
97            android:name="androidx.work.impl.utils.ForceStopRunnable$BroadcastReceiver"
97-->[androidx.work:work-runtime:2.5.0] AndroidManifest.xml:60:13-88
98            android:directBootAware="false"
98-->[androidx.work:work-runtime:2.5.0] AndroidManifest.xml:61:13-44
99            android:enabled="true"
99-->[androidx.work:work-runtime:2.5.0] AndroidManifest.xml:62:13-35
100            android:exported="false" />
100-->[androidx.work:work-runtime:2.5.0] AndroidManifest.xml:63:13-37
101        <receiver
101-->[androidx.work:work-runtime:2.5.0] AndroidManifest.xml:65:9-75:20
102            android:name="androidx.work.impl.background.systemalarm.ConstraintProxy$BatteryChargingProxy"
102-->[androidx.work:work-runtime:2.5.0] AndroidManifest.xml:66:13-106
103            android:directBootAware="false"
103-->[androidx.work:work-runtime:2.5.0] AndroidManifest.xml:67:13-44
104            android:enabled="false"
104-->[androidx.work:work-runtime:2.5.0] AndroidManifest.xml:68:13-36
105            android:exported="false" >
105-->[androidx.work:work-runtime:2.5.0] AndroidManifest.xml:69:13-37
106            <intent-filter>
106-->[androidx.work:work-runtime:2.5.0] AndroidManifest.xml:71:13-74:29
107                <action android:name="android.intent.action.ACTION_POWER_CONNECTED" />
107-->[androidx.work:work-runtime:2.5.0] AndroidManifest.xml:72:17-87
107-->[androidx.work:work-runtime:2.5.0] AndroidManifest.xml:72:25-84
108                <action android:name="android.intent.action.ACTION_POWER_DISCONNECTED" />
108-->[androidx.work:work-runtime:2.5.0] AndroidManifest.xml:73:17-90
108-->[androidx.work:work-runtime:2.5.0] AndroidManifest.xml:73:25-87
109            </intent-filter>
110        </receiver>
111        <receiver
111-->[androidx.work:work-runtime:2.5.0] AndroidManifest.xml:76:9-86:20
112            android:name="androidx.work.impl.background.systemalarm.ConstraintProxy$BatteryNotLowProxy"
112-->[androidx.work:work-runtime:2.5.0] AndroidManifest.xml:77:13-104
113            android:directBootAware="false"
113-->[androidx.work:work-runtime:2.5.0] AndroidManifest.xml:78:13-44
114            android:enabled="false"
114-->[androidx.work:work-runtime:2.5.0] AndroidManifest.xml:79:13-36
115            android:exported="false" >
115-->[androidx.work:work-runtime:2.5.0] AndroidManifest.xml:80:13-37
116            <intent-filter>
116-->[androidx.work:work-runtime:2.5.0] AndroidManifest.xml:82:13-85:29
117                <action android:name="android.intent.action.BATTERY_OKAY" />
117-->[androidx.work:work-runtime:2.5.0] AndroidManifest.xml:83:17-77
117-->[androidx.work:work-runtime:2.5.0] AndroidManifest.xml:83:25-74
118                <action android:name="android.intent.action.BATTERY_LOW" />
118-->[androidx.work:work-runtime:2.5.0] AndroidManifest.xml:84:17-76
118-->[androidx.work:work-runtime:2.5.0] AndroidManifest.xml:84:25-73
119            </intent-filter>
120        </receiver>
121        <receiver
121-->[androidx.work:work-runtime:2.5.0] AndroidManifest.xml:87:9-97:20
122            android:name="androidx.work.impl.background.systemalarm.ConstraintProxy$StorageNotLowProxy"
122-->[androidx.work:work-runtime:2.5.0] AndroidManifest.xml:88:13-104
123            android:directBootAware="false"
123-->[androidx.work:work-runtime:2.5.0] AndroidManifest.xml:89:13-44
124            android:enabled="false"
124-->[androidx.work:work-runtime:2.5.0] AndroidManifest.xml:90:13-36
125            android:exported="false" >
125-->[androidx.work:work-runtime:2.5.0] AndroidManifest.xml:91:13-37
126            <intent-filter>
126-->[androidx.work:work-runtime:2.5.0] AndroidManifest.xml:93:13-96:29
127                <action android:name="android.intent.action.DEVICE_STORAGE_LOW" />
127-->[androidx.work:work-runtime:2.5.0] AndroidManifest.xml:94:17-83
127-->[androidx.work:work-runtime:2.5.0] AndroidManifest.xml:94:25-80
128                <action android:name="android.intent.action.DEVICE_STORAGE_OK" />
128-->[androidx.work:work-runtime:2.5.0] AndroidManifest.xml:95:17-82
128-->[androidx.work:work-runtime:2.5.0] AndroidManifest.xml:95:25-79
129            </intent-filter>
130        </receiver>
131        <receiver
131-->[androidx.work:work-runtime:2.5.0] AndroidManifest.xml:98:9-107:20
132            android:name="androidx.work.impl.background.systemalarm.ConstraintProxy$NetworkStateProxy"
132-->[androidx.work:work-runtime:2.5.0] AndroidManifest.xml:99:13-103
133            android:directBootAware="false"
133-->[androidx.work:work-runtime:2.5.0] AndroidManifest.xml:100:13-44
134            android:enabled="false"
134-->[androidx.work:work-runtime:2.5.0] AndroidManifest.xml:101:13-36
135            android:exported="false" >
135-->[androidx.work:work-runtime:2.5.0] AndroidManifest.xml:102:13-37
136            <intent-filter>
136-->[androidx.work:work-runtime:2.5.0] AndroidManifest.xml:104:13-106:29
137                <action android:name="android.net.conn.CONNECTIVITY_CHANGE" />
137-->[androidx.work:work-runtime:2.5.0] AndroidManifest.xml:105:17-79
137-->[androidx.work:work-runtime:2.5.0] AndroidManifest.xml:105:25-76
138            </intent-filter>
139        </receiver>
140        <receiver
140-->[androidx.work:work-runtime:2.5.0] AndroidManifest.xml:108:9-119:20
141            android:name="androidx.work.impl.background.systemalarm.RescheduleReceiver"
141-->[androidx.work:work-runtime:2.5.0] AndroidManifest.xml:109:13-88
142            android:directBootAware="false"
142-->[androidx.work:work-runtime:2.5.0] AndroidManifest.xml:110:13-44
143            android:enabled="false"
143-->[androidx.work:work-runtime:2.5.0] AndroidManifest.xml:111:13-36
144            android:exported="false" >
144-->[androidx.work:work-runtime:2.5.0] AndroidManifest.xml:112:13-37
145            <intent-filter>
145-->[androidx.work:work-runtime:2.5.0] AndroidManifest.xml:114:13-118:29
146                <action android:name="android.intent.action.BOOT_COMPLETED" />
146-->[androidx.work:work-runtime:2.5.0] AndroidManifest.xml:115:17-79
146-->[androidx.work:work-runtime:2.5.0] AndroidManifest.xml:115:25-76
147                <action android:name="android.intent.action.TIME_SET" />
147-->[androidx.work:work-runtime:2.5.0] AndroidManifest.xml:116:17-73
147-->[androidx.work:work-runtime:2.5.0] AndroidManifest.xml:116:25-70
148                <action android:name="android.intent.action.TIMEZONE_CHANGED" />
148-->[androidx.work:work-runtime:2.5.0] AndroidManifest.xml:117:17-81
148-->[androidx.work:work-runtime:2.5.0] AndroidManifest.xml:117:25-78
149            </intent-filter>
150        </receiver>
151        <receiver
151-->[androidx.work:work-runtime:2.5.0] AndroidManifest.xml:120:9-129:20
152            android:name="androidx.work.impl.background.systemalarm.ConstraintProxyUpdateReceiver"
152-->[androidx.work:work-runtime:2.5.0] AndroidManifest.xml:121:13-99
153            android:directBootAware="false"
153-->[androidx.work:work-runtime:2.5.0] AndroidManifest.xml:122:13-44
154            android:enabled="@bool/enable_system_alarm_service_default"
154-->[androidx.work:work-runtime:2.5.0] AndroidManifest.xml:123:13-72
155            android:exported="false" >
155-->[androidx.work:work-runtime:2.5.0] AndroidManifest.xml:124:13-37
156            <intent-filter>
156-->[androidx.work:work-runtime:2.5.0] AndroidManifest.xml:126:13-128:29
157                <action android:name="androidx.work.impl.background.systemalarm.UpdateProxies" />
157-->[androidx.work:work-runtime:2.5.0] AndroidManifest.xml:127:17-98
157-->[androidx.work:work-runtime:2.5.0] AndroidManifest.xml:127:25-95
158            </intent-filter>
159        </receiver>
160        <receiver
160-->[androidx.work:work-runtime:2.5.0] AndroidManifest.xml:130:9-140:20
161            android:name="androidx.work.impl.diagnostics.DiagnosticsReceiver"
161-->[androidx.work:work-runtime:2.5.0] AndroidManifest.xml:131:13-78
162            android:directBootAware="false"
162-->[androidx.work:work-runtime:2.5.0] AndroidManifest.xml:132:13-44
163            android:enabled="true"
163-->[androidx.work:work-runtime:2.5.0] AndroidManifest.xml:133:13-35
164            android:exported="true"
164-->[androidx.work:work-runtime:2.5.0] AndroidManifest.xml:134:13-36
165            android:permission="android.permission.DUMP" >
165-->[androidx.work:work-runtime:2.5.0] AndroidManifest.xml:135:13-57
166            <intent-filter>
166-->[androidx.work:work-runtime:2.5.0] AndroidManifest.xml:137:13-139:29
167                <action android:name="androidx.work.diagnostics.REQUEST_DIAGNOSTICS" />
167-->[androidx.work:work-runtime:2.5.0] AndroidManifest.xml:138:17-88
167-->[androidx.work:work-runtime:2.5.0] AndroidManifest.xml:138:25-85
168            </intent-filter>
169        </receiver>
170
171        <service
171-->[androidx.room:room-runtime:2.2.5] AndroidManifest.xml:25:9-28:40
172            android:name="androidx.room.MultiInstanceInvalidationService"
172-->[androidx.room:room-runtime:2.2.5] AndroidManifest.xml:26:13-74
173            android:directBootAware="true"
173-->[androidx.room:room-runtime:2.2.5] AndroidManifest.xml:27:13-43
174            android:exported="false" />
174-->[androidx.room:room-runtime:2.2.5] AndroidManifest.xml:28:13-37
175    </application>
176
177</manifest>